2018-01-02 17:34:03,597 [ModalContext] WARN  o.e.m.i.discovery.MavenDiscovery - CatalogItem org.eclipse.m2e.discovery.lifecyclemapping.m2e-wtp does not contain lifecycle mapping metadata
2018-01-02 17:34:03,597 [ModalContext] WARN  o.e.m.i.discovery.MavenDiscovery - CatalogItem org.eclipse.m2e.discovery.lifecyclemapping.m2e-egit does not contain lifecycle mapping metadata
2018-01-02 17:34:03,597 [ModalContext] WARN  o.e.m.i.discovery.MavenDiscovery - CatalogItem org.eclipse.m2e.discovery.lifecyclemapping.m2e-subversive does not contain lifecycle mapping metadata
2018-01-02 17:34:03,612 [ModalContext] WARN  o.e.m.i.discovery.MavenDiscovery - CatalogItem org.eclipse.m2e.discovery.lifecyclemapping.m2e-subclipse does not contain lifecycle mapping metadata
2018-01-02 17:34:09,898 [Worker-4] INFO  o.e.m.c.i.l.LifecycleMappingFactory - Using org.eclipse.m2e.jdt.JarLifecycleMapping lifecycle mapping for MavenProject: com.boot:getItApp:0.0.1-SNAPSHOT @ C:\Users\Dean\my_git_repos\never-pummel-muskoxen\getItApp\pom.xml.
2018-01-02 17:34:10,935 [Worker-4] INFO  o.e.m.j.i.AbstractJavaProjectConfigurator - Adding source folder /getItApp/src/main/java
2018-01-02 17:34:10,937 [Worker-4] INFO  o.e.m.j.i.AbstractJavaProjectConfigurator - Adding resource folder /getItApp/src/main/resources
2018-01-02 17:34:10,937 [Worker-4] INFO  o.e.m.j.i.AbstractJavaProjectConfigurator - Adding resource folder /getItApp/src/main/resources
2018-01-02 17:34:10,938 [Worker-4] INFO  o.e.m.j.i.AbstractJavaProjectConfigurator - Adding source folder /getItApp/src/test/java
2018-01-02 17:34:11,184 [Worker-4] INFO  o.e.m.c.i.p.ProjectConfigurationManager - Project import completed 2 sec
2018-01-02 17:34:11,609 [Worker-2] INFO  o.e.m.c.i.p.ProjectConfigurationManager - Update started
2018-01-02 17:34:11,609 [Worker-2] INFO  o.e.m.c.i.p.ProjectConfigurationManager - Update completed: 0 sec
2018-01-02 17:34:11,716 [Worker-5] INFO  o.e.m.c.i.l.LifecycleMappingFactory - Using org.eclipse.m2e.jdt.JarLifecycleMapping lifecycle mapping for MavenProject: com.boot:getItApp:0.0.1-SNAPSHOT @ C:\Users\Dean\my_git_repos\never-pummel-muskoxen\getItApp\pom.xml.
2018-01-02 17:34:13,990 [Worker-8] INFO  o.e.m.c.i.embedder.EclipseLogger - Using 'UTF-8' encoding to copy filtered resources.
2018-01-02 17:34:13,990 [Worker-8] INFO  o.e.m.c.i.embedder.EclipseLogger - Copying 1 resource
2018-01-02 17:34:14,005 [Worker-8] INFO  o.e.m.c.i.embedder.EclipseLogger - Copying 0 resource
2018-01-02 17:34:14,021 [Worker-8] INFO  o.e.m.c.i.embedder.EclipseLogger - Using 'UTF-8' encoding to copy filtered resources.
2018-01-02 17:34:14,021 [Worker-8] INFO  o.e.m.c.i.embedder.EclipseLogger - skip non existing resourceDirectory C:\Users\Dean\my_git_repos\never-pummel-muskoxen\getItApp\src\test\resources
2018-01-02 17:34:22,263 [Worker-4] INFO  o.e.m.c.i.l.LifecycleMappingFactory - Using org.eclipse.m2e.jdt.JarLifecycleMapping lifecycle mapping for MavenProject: com.boot:getItApp:0.0.1-SNAPSHOT @ C:\Users\Dean\my_git_repos\never-pummel-muskoxen\getItApp\pom.xml.
2018-01-02 17:34:23,283 [Worker-3] INFO  o.e.m.c.i.embedder.EclipseLogger - Using 'UTF-8' encoding to copy filtered resources.
2018-01-02 17:34:23,291 [Worker-3] INFO  o.e.m.c.i.embedder.EclipseLogger - Copying 1 resource
2018-01-02 17:34:23,298 [Worker-3] INFO  o.e.m.c.i.embedder.EclipseLogger - Copying 0 resource
2018-01-02 17:34:23,299 [Worker-3] INFO  o.e.m.c.i.embedder.EclipseLogger - Using 'UTF-8' encoding to copy filtered resources.
2018-01-02 17:34:23,299 [Worker-3] INFO  o.e.m.c.i.embedder.EclipseLogger - skip non existing resourceDirectory C:\Users\Dean\my_git_repos\never-pummel-muskoxen\getItApp\src\test\resources
2018-01-02 17:34:35,549 [Worker-6] INFO  o.e.m.c.i.embedder.EclipseLogger - Using 'UTF-8' encoding to copy filtered resources.
2018-01-02 17:34:35,549 [Worker-6] INFO  o.e.m.c.i.embedder.EclipseLogger - Copying 0 resource
2018-01-02 17:34:35,549 [Worker-6] INFO  o.e.m.c.i.embedder.EclipseLogger - Copying 0 resource
2018-01-02 17:34:35,549 [Worker-6] INFO  o.e.m.c.i.embedder.EclipseLogger - Using 'UTF-8' encoding to copy filtered resources.
2018-01-02 17:34:35,549 [Worker-6] INFO  o.e.m.c.i.embedder.EclipseLogger - skip non existing resourceDirectory C:\Users\Dean\my_git_repos\never-pummel-muskoxen\getItApp\src\test\resources
2018-01-02 17:34:43,747 [Worker-0] INFO  o.e.m.c.i.embedder.EclipseLogger - Using 'UTF-8' encoding to copy filtered resources.
2018-01-02 17:34:43,747 [Worker-0] INFO  o.e.m.c.i.embedder.EclipseLogger - Copying 1 resource
2018-01-02 17:34:43,747 [Worker-0] INFO  o.e.m.c.i.embedder.EclipseLogger - Copying 0 resource
2018-01-02 17:34:43,762 [Worker-0] INFO  o.e.m.c.i.embedder.EclipseLogger - Using 'UTF-8' encoding to copy filtered resources.
2018-01-02 17:34:43,762 [Worker-0] INFO  o.e.m.c.i.embedder.EclipseLogger - skip non existing resourceDirectory C:\Users\Dean\my_git_repos\never-pummel-muskoxen\getItApp\src\test\resources
2018-01-02 17:34:46,006 [Worker-7] INFO  o.e.m.c.i.embedder.EclipseLogger - Using 'UTF-8' encoding to copy filtered resources.
2018-01-02 17:34:46,006 [Worker-7] INFO  o.e.m.c.i.embedder.EclipseLogger - Copying 1 resource
2018-01-02 17:34:46,006 [Worker-7] INFO  o.e.m.c.i.embedder.EclipseLogger - Copying 0 resource
2018-01-02 17:34:46,023 [Worker-7] INFO  o.e.m.c.i.embedder.EclipseLogger - Using 'UTF-8' encoding to copy filtered resources.
2018-01-02 17:34:46,029 [Worker-7] INFO  o.e.m.c.i.embedder.EclipseLogger - skip non existing resourceDirectory C:\Users\Dean\my_git_repos\never-pummel-muskoxen\getItApp\src\test\resources
2018-01-02 17:53:34,110 [Worker-13] INFO  o.e.m.c.i.embedder.EclipseLogger - Using 'UTF-8' encoding to copy filtered resources.
2018-01-02 17:53:34,111 [Worker-13] INFO  o.e.m.c.i.embedder.EclipseLogger - Copying 1 resource
2018-01-02 17:53:34,126 [Worker-13] INFO  o.e.m.c.i.embedder.EclipseLogger - Copying 0 resource
2018-01-02 17:53:34,136 [Worker-13] INFO  o.e.m.c.i.embedder.EclipseLogger - Using 'UTF-8' encoding to copy filtered resources.
2018-01-02 17:53:34,136 [Worker-13] INFO  o.e.m.c.i.embedder.EclipseLogger - skip non existing resourceDirectory C:\Users\Dean\my_git_repos\never-pummel-muskoxen\getItApp\src\test\resources
2018-01-02 17:53:39,855 [Worker-0] INFO  o.e.m.c.i.embedder.EclipseLogger - Using 'UTF-8' encoding to copy filtered resources.
2018-01-02 17:53:39,856 [Worker-0] INFO  o.e.m.c.i.embedder.EclipseLogger - Copying 1 resource
2018-01-02 17:53:39,859 [Worker-0] INFO  o.e.m.c.i.embedder.EclipseLogger - Copying 0 resource
2018-01-02 17:53:39,862 [Worker-0] INFO  o.e.m.c.i.embedder.EclipseLogger - Using 'UTF-8' encoding to copy filtered resources.
2018-01-02 17:53:39,868 [Worker-0] INFO  o.e.m.c.i.embedder.EclipseLogger - skip non existing resourceDirectory C:\Users\Dean\my_git_repos\never-pummel-muskoxen\getItApp\src\test\resources
2018-01-02 18:03:22,067 [Worker-13] INFO  o.e.m.c.i.embedder.EclipseLogger - Using 'UTF-8' encoding to copy filtered resources.
2018-01-02 18:03:22,067 [Worker-13] INFO  o.e.m.c.i.embedder.EclipseLogger - Copying 1 resource
2018-01-02 18:03:22,077 [Worker-13] INFO  o.e.m.c.i.embedder.EclipseLogger - Copying 0 resource
2018-01-02 18:03:22,084 [Worker-13] INFO  o.e.m.c.i.embedder.EclipseLogger - Using 'UTF-8' encoding to copy filtered resources.
2018-01-02 18:03:22,085 [Worker-13] INFO  o.e.m.c.i.embedder.EclipseLogger - skip non existing resourceDirectory C:\Users\Dean\my_git_repos\never-pummel-muskoxen\getItApp\src\test\resources
2018-01-02 18:03:23,528 [Worker-17] INFO  o.e.m.c.i.embedder.EclipseLogger - Using 'UTF-8' encoding to copy filtered resources.
2018-01-02 18:03:23,529 [Worker-17] INFO  o.e.m.c.i.embedder.EclipseLogger - Copying 1 resource
2018-01-02 18:03:23,536 [Worker-17] INFO  o.e.m.c.i.embedder.EclipseLogger - Copying 0 resource
2018-01-02 18:03:23,543 [Worker-17] INFO  o.e.m.c.i.embedder.EclipseLogger - Using 'UTF-8' encoding to copy filtered resources.
2018-01-02 18:03:23,548 [Worker-17] INFO  o.e.m.c.i.embedder.EclipseLogger - skip non existing resourceDirectory C:\Users\Dean\my_git_repos\never-pummel-muskoxen\getItApp\src\test\resources
2018-01-02 21:35:57,537 [Worker-65] INFO  o.e.m.c.i.embedder.EclipseLogger - Using 'UTF-8' encoding to copy filtered resources.
2018-01-02 21:35:57,537 [Worker-65] INFO  o.e.m.c.i.embedder.EclipseLogger - Copying 1 resource
2018-01-02 21:35:57,553 [Worker-65] INFO  o.e.m.c.i.embedder.EclipseLogger - Copying 0 resource
2018-01-02 21:35:57,568 [Worker-65] INFO  o.e.m.c.i.embedder.EclipseLogger - Using 'UTF-8' encoding to copy filtered resources.
2018-01-02 21:35:57,568 [Worker-65] INFO  o.e.m.c.i.embedder.EclipseLogger - skip non existing resourceDirectory C:\Users\Dean\my_git_repos\never-pummel-muskoxen\getItApp\src\test\resources
2018-01-02 21:36:00,056 [Worker-21] INFO  o.e.m.c.i.embedder.EclipseLogger - Using 'UTF-8' encoding to copy filtered resources.
2018-01-02 21:36:00,056 [Worker-21] INFO  o.e.m.c.i.embedder.EclipseLogger - Copying 1 resource
2018-01-02 21:36:00,056 [Worker-21] INFO  o.e.m.c.i.embedder.EclipseLogger - Copying 0 resource
2018-01-02 21:36:00,056 [Worker-21] INFO  o.e.m.c.i.embedder.EclipseLogger - Using 'UTF-8' encoding to copy filtered resources.
2018-01-02 21:36:00,056 [Worker-21] INFO  o.e.m.c.i.embedder.EclipseLogger - skip non existing resourceDirectory C:\Users\Dean\my_git_repos\never-pummel-muskoxen\getItApp\src\test\resources
2018-01-02 21:37:14,272 [Worker-64] INFO  o.e.m.c.i.embedder.EclipseLogger - Using 'UTF-8' encoding to copy filtered resources.
2018-01-02 21:37:14,272 [Worker-64] INFO  o.e.m.c.i.embedder.EclipseLogger - Copying 1 resource
2018-01-02 21:37:14,272 [Worker-64] INFO  o.e.m.c.i.embedder.EclipseLogger - Copying 0 resource
2018-01-02 21:37:14,288 [Worker-64] INFO  o.e.m.c.i.embedder.EclipseLogger - Using 'UTF-8' encoding to copy filtered resources.
2018-01-02 21:37:14,288 [Worker-64] INFO  o.e.m.c.i.embedder.EclipseLogger - skip non existing resourceDirectory C:\Users\Dean\my_git_repos\never-pummel-muskoxen\getItApp\src\test\resources
2018-01-02 21:37:16,606 [Worker-68] INFO  o.e.m.c.i.embedder.EclipseLogger - Using 'UTF-8' encoding to copy filtered resources.
2018-01-02 21:37:16,607 [Worker-68] INFO  o.e.m.c.i.embedder.EclipseLogger - Copying 1 resource
2018-01-02 21:37:16,615 [Worker-68] INFO  o.e.m.c.i.embedder.EclipseLogger - Copying 0 resource
2018-01-02 21:37:16,621 [Worker-68] INFO  o.e.m.c.i.embedder.EclipseLogger - Using 'UTF-8' encoding to copy filtered resources.
2018-01-02 21:37:16,625 [Worker-68] INFO  o.e.m.c.i.embedder.EclipseLogger - skip non existing resourceDirectory C:\Users\Dean\my_git_repos\never-pummel-muskoxen\getItApp\src\test\resources
2018-01-02 23:29:24,976 [Worker-97] INFO  o.e.m.c.i.embedder.EclipseLogger - Using 'UTF-8' encoding to copy filtered resources.
2018-01-02 23:29:24,977 [Worker-97] INFO  o.e.m.c.i.embedder.EclipseLogger - Copying 1 resource
2018-01-02 23:29:24,986 [Worker-97] INFO  o.e.m.c.i.embedder.EclipseLogger - Copying 0 resource
2018-01-02 23:29:24,991 [Worker-97] INFO  o.e.m.c.i.embedder.EclipseLogger - Using 'UTF-8' encoding to copy filtered resources.
2018-01-02 23:29:24,991 [Worker-97] INFO  o.e.m.c.i.embedder.EclipseLogger - skip non existing resourceDirectory C:\Users\Dean\my_git_repos\never-pummel-muskoxen\getItApp\src\test\resources
2018-01-02 23:29:26,152 [Worker-102] INFO  o.e.m.c.i.embedder.EclipseLogger - Using 'UTF-8' encoding to copy filtered resources.
2018-01-02 23:29:26,153 [Worker-102] INFO  o.e.m.c.i.embedder.EclipseLogger - Copying 1 resource
2018-01-02 23:29:26,155 [Worker-102] INFO  o.e.m.c.i.embedder.EclipseLogger - Copying 0 resource
2018-01-02 23:29:26,157 [Worker-102] INFO  o.e.m.c.i.embedder.EclipseLogger - Using 'UTF-8' encoding to copy filtered resources.
2018-01-02 23:29:26,162 [Worker-102] INFO  o.e.m.c.i.embedder.EclipseLogger - skip non existing resourceDirectory C:\Users\Dean\my_git_repos\never-pummel-muskoxen\getItApp\src\test\resources
2018-01-03 21:53:52,883 [Worker-8] INFO  o.e.m.c.i.embedder.EclipseLogger - Using 'UTF-8' encoding to copy filtered resources.
2018-01-03 21:53:52,883 [Worker-8] INFO  o.e.m.c.i.embedder.EclipseLogger - Copying 1 resource
2018-01-03 21:53:52,898 [Worker-8] INFO  o.e.m.c.i.embedder.EclipseLogger - Copying 0 resource
2018-01-03 21:53:52,898 [Worker-8] INFO  o.e.m.c.i.embedder.EclipseLogger - Using 'UTF-8' encoding to copy filtered resources.
2018-01-03 21:53:52,898 [Worker-8] INFO  o.e.m.c.i.embedder.EclipseLogger - skip non existing resourceDirectory C:\Users\Dean\my_git_repos\never-pummel-muskoxen\getItApp\src\test\resources
2018-01-03 23:06:19,458 [Worker-11] INFO  o.e.m.c.i.embedder.EclipseLogger - Using 'UTF-8' encoding to copy filtered resources.
2018-01-03 23:06:19,458 [Worker-11] INFO  o.e.m.c.i.embedder.EclipseLogger - Copying 1 resource
2018-01-03 23:06:19,458 [Worker-11] INFO  o.e.m.c.i.embedder.EclipseLogger - Copying 0 resource
2018-01-03 23:06:19,458 [Worker-11] INFO  o.e.m.c.i.embedder.EclipseLogger - Using 'UTF-8' encoding to copy filtered resources.
2018-01-03 23:06:19,458 [Worker-11] INFO  o.e.m.c.i.embedder.EclipseLogger - skip non existing resourceDirectory C:\Users\Dean\my_git_repos\never-pummel-muskoxen\getItApp\src\test\resources
2018-01-03 23:06:41,867 [Worker-35] INFO  o.e.m.c.i.embedder.EclipseLogger - Using 'UTF-8' encoding to copy filtered resources.
2018-01-03 23:06:41,867 [Worker-35] INFO  o.e.m.c.i.embedder.EclipseLogger - Copying 1 resource
2018-01-03 23:06:41,867 [Worker-35] INFO  o.e.m.c.i.embedder.EclipseLogger - Copying 0 resource
2018-01-03 23:06:41,867 [Worker-35] INFO  o.e.m.c.i.embedder.EclipseLogger - Using 'UTF-8' encoding to copy filtered resources.
2018-01-03 23:06:41,867 [Worker-35] INFO  o.e.m.c.i.embedder.EclipseLogger - skip non existing resourceDirectory C:\Users\Dean\my_git_repos\never-pummel-muskoxen\getItApp\src\test\resources
2018-01-03 23:10:09,610 [Worker-11] INFO  o.e.m.c.i.embedder.EclipseLogger - Using 'UTF-8' encoding to copy filtered resources.
2018-01-03 23:10:09,626 [Worker-11] INFO  o.e.m.c.i.embedder.EclipseLogger - Copying 1 resource
2018-01-03 23:10:09,626 [Worker-11] INFO  o.e.m.c.i.embedder.EclipseLogger - Copying 0 resource
2018-01-03 23:10:09,626 [Worker-11] INFO  o.e.m.c.i.embedder.EclipseLogger - Using 'UTF-8' encoding to copy filtered resources.
2018-01-03 23:10:09,626 [Worker-11] INFO  o.e.m.c.i.embedder.EclipseLogger - skip non existing resourceDirectory C:\Users\Dean\my_git_repos\never-pummel-muskoxen\getItApp\src\test\resources
2018-01-03 23:13:52,488 [Worker-36] INFO  o.e.m.c.i.embedder.EclipseLogger - Using 'UTF-8' encoding to copy filtered resources.
2018-01-03 23:13:52,488 [Worker-36] INFO  o.e.m.c.i.embedder.EclipseLogger - Copying 1 resource
2018-01-03 23:13:52,488 [Worker-36] INFO  o.e.m.c.i.embedder.EclipseLogger - Copying 0 resource
2018-01-03 23:13:52,488 [Worker-36] INFO  o.e.m.c.i.embedder.EclipseLogger - Using 'UTF-8' encoding to copy filtered resources.
2018-01-03 23:13:52,488 [Worker-36] INFO  o.e.m.c.i.embedder.EclipseLogger - skip non existing resourceDirectory C:\Users\Dean\my_git_repos\never-pummel-muskoxen\getItApp\src\test\resources
2018-01-04 01:12:47,722 [Worker-61] INFO  o.e.m.c.i.embedder.EclipseLogger - Using 'UTF-8' encoding to copy filtered resources.
2018-01-04 01:12:47,722 [Worker-61] INFO  o.e.m.c.i.embedder.EclipseLogger - Copying 1 resource
2018-01-04 01:12:47,726 [Worker-61] INFO  o.e.m.c.i.embedder.EclipseLogger - Copying 0 resource
2018-01-04 01:12:47,734 [Worker-61] INFO  o.e.m.c.i.embedder.EclipseLogger - Using 'UTF-8' encoding to copy filtered resources.
2018-01-04 01:12:47,734 [Worker-61] INFO  o.e.m.c.i.embedder.EclipseLogger - skip non existing resourceDirectory C:\Users\Dean\my_git_repos\never-pummel-muskoxen\getItApp\src\test\resources
2018-01-04 01:17:51,310 [Worker-67] INFO  o.e.m.c.i.l.LifecycleMappingFactory - Using org.eclipse.m2e.jdt.JarLifecycleMapping lifecycle mapping for MavenProject: com.boot:getItApp:0.0.1-SNAPSHOT @ C:\Users\Dean\my_git_repos\never-pummel-muskoxen\getItApp\pom.xml.
2018-01-04 01:17:51,962 [Worker-67] INFO  o.e.m.c.i.embedder.EclipseLogger - Using 'UTF-8' encoding to copy filtered resources.
2018-01-04 01:17:51,970 [Worker-67] INFO  o.e.m.c.i.embedder.EclipseLogger - Copying 1 resource
2018-01-04 01:17:51,982 [Worker-67] INFO  o.e.m.c.i.embedder.EclipseLogger - Copying 0 resource
2018-01-04 01:17:51,986 [Worker-67] INFO  o.e.m.c.i.embedder.EclipseLogger - Using 'UTF-8' encoding to copy filtered resources.
2018-01-04 01:17:51,986 [Worker-67] INFO  o.e.m.c.i.embedder.EclipseLogger - skip non existing resourceDirectory C:\Users\Dean\my_git_repos\never-pummel-muskoxen\getItApp\src\test\resources
2018-01-04 01:17:53,147 [Worker-74] INFO  o.e.m.c.i.embedder.EclipseLogger - Using 'UTF-8' encoding to copy filtered resources.
2018-01-04 01:17:53,147 [Worker-74] INFO  o.e.m.c.i.embedder.EclipseLogger - Copying 1 resource
2018-01-04 01:17:53,151 [Worker-74] INFO  o.e.m.c.i.embedder.EclipseLogger - Copying 0 resource
2018-01-04 01:17:53,155 [Worker-74] INFO  o.e.m.c.i.embedder.EclipseLogger - Using 'UTF-8' encoding to copy filtered resources.
2018-01-04 01:17:53,159 [Worker-74] INFO  o.e.m.c.i.embedder.EclipseLogger - skip non existing resourceDirectory C:\Users\Dean\my_git_repos\never-pummel-muskoxen\getItApp\src\test\resources
2018-01-04 01:18:34,812 [Worker-67] INFO  o.e.m.c.i.embedder.EclipseLogger - Using 'UTF-8' encoding to copy filtered resources.
2018-01-04 01:18:34,812 [Worker-67] INFO  o.e.m.c.i.embedder.EclipseLogger - Copying 1 resource
2018-01-04 01:18:34,820 [Worker-67] INFO  o.e.m.c.i.embedder.EclipseLogger - Copying 0 resource
2018-01-04 01:18:34,832 [Worker-67] INFO  o.e.m.c.i.embedder.EclipseLogger - Using 'UTF-8' encoding to copy filtered resources.
2018-01-04 01:18:34,832 [Worker-67] INFO  o.e.m.c.i.embedder.EclipseLogger - skip non existing resourceDirectory C:\Users\Dean\my_git_repos\never-pummel-muskoxen\getItApp\src\test\resources
2018-01-04 01:18:45,608 [Worker-71] INFO  o.e.m.c.i.p.ProjectConfigurationManager - Update started
2018-01-04 01:18:45,744 [Worker-71] INFO  o.e.m.c.i.l.LifecycleMappingFactory - Using org.eclipse.m2e.jdt.JarLifecycleMapping lifecycle mapping for MavenProject: com.boot:getItApp:0.0.1-SNAPSHOT @ C:\Users\Dean\my_git_repos\never-pummel-muskoxen\getItApp\pom.xml.
2018-01-04 01:18:46,040 [Worker-71] INFO  o.e.m.j.i.AbstractJavaProjectConfigurator - Adding source folder /getItApp/src/main/java
2018-01-04 01:18:46,044 [Worker-71] INFO  o.e.m.j.i.AbstractJavaProjectConfigurator - Adding resource folder /getItApp/src/main/resources
2018-01-04 01:18:46,052 [Worker-71] INFO  o.e.m.j.i.AbstractJavaProjectConfigurator - Adding resource folder /getItApp/src/main/resources
2018-01-04 01:18:46,052 [Worker-71] INFO  o.e.m.j.i.AbstractJavaProjectConfigurator - Adding source folder /getItApp/src/test/java
2018-01-04 01:18:46,220 [Worker-71] INFO  o.e.m.c.i.p.ProjectConfigurationManager - Update completed: 0 sec
2018-01-04 01:18:46,712 [Worker-64] INFO  o.e.m.c.i.embedder.EclipseLogger - Using 'UTF-8' encoding to copy filtered resources.
2018-01-04 01:18:46,712 [Worker-64] INFO  o.e.m.c.i.embedder.EclipseLogger - Copying 1 resource
2018-01-04 01:18:46,712 [Worker-64] INFO  o.e.m.c.i.embedder.EclipseLogger - Copying 0 resource
2018-01-04 01:18:46,720 [Worker-64] INFO  o.e.m.c.i.embedder.EclipseLogger - Using 'UTF-8' encoding to copy filtered resources.
2018-01-04 01:18:46,720 [Worker-64] INFO  o.e.m.c.i.embedder.EclipseLogger - skip non existing resourceDirectory C:\Users\Dean\my_git_repos\never-pummel-muskoxen\getItApp\src\test\resources
2018-01-04 01:32:44,573 [Worker-69] INFO  o.e.m.c.i.embedder.EclipseLogger - Using 'UTF-8' encoding to copy filtered resources.
2018-01-04 01:32:44,573 [Worker-69] INFO  o.e.m.c.i.embedder.EclipseLogger - Copying 1 resource
2018-01-04 01:32:44,589 [Worker-69] INFO  o.e.m.c.i.embedder.EclipseLogger - Copying 0 resource
2018-01-04 01:32:44,597 [Worker-69] INFO  o.e.m.c.i.embedder.EclipseLogger - Using 'UTF-8' encoding to copy filtered resources.
2018-01-04 01:32:44,605 [Worker-69] INFO  o.e.m.c.i.embedder.EclipseLogger - skip non existing resourceDirectory C:\Users\Dean\my_git_repos\never-pummel-muskoxen\getItApp\src\test\resources
2018-01-04 02:01:41,658 [Worker-66] INFO  o.e.m.c.i.embedder.EclipseLogger - Using 'UTF-8' encoding to copy filtered resources.
2018-01-04 02:01:41,658 [Worker-66] INFO  o.e.m.c.i.embedder.EclipseLogger - Copying 1 resource
2018-01-04 02:01:41,673 [Worker-66] INFO  o.e.m.c.i.embedder.EclipseLogger - Copying 0 resource
2018-01-04 02:01:41,673 [Worker-66] INFO  o.e.m.c.i.embedder.EclipseLogger - Using 'UTF-8' encoding to copy filtered resources.
2018-01-04 02:01:41,673 [Worker-66] INFO  o.e.m.c.i.embedder.EclipseLogger - skip non existing resourceDirectory C:\Users\Dean\my_git_repos\never-pummel-muskoxen\getItApp\src\test\resources
2018-01-04 02:02:06,307 [Worker-85] INFO  o.e.m.c.i.embedder.EclipseLogger - Using 'UTF-8' encoding to copy filtered resources.
2018-01-04 02:02:06,307 [Worker-85] INFO  o.e.m.c.i.embedder.EclipseLogger - Copying 1 resource
2018-01-04 02:02:06,322 [Worker-85] INFO  o.e.m.c.i.embedder.EclipseLogger - Copying 0 resource
2018-01-04 02:02:06,322 [Worker-85] INFO  o.e.m.c.i.embedder.EclipseLogger - Using 'UTF-8' encoding to copy filtered resources.
2018-01-04 02:02:06,322 [Worker-85] INFO  o.e.m.c.i.embedder.EclipseLogger - skip non existing resourceDirectory C:\Users\Dean\my_git_repos\never-pummel-muskoxen\getItApp\src\test\resources
2018-01-04 02:02:14,137 [Worker-87] INFO  o.e.m.c.i.embedder.EclipseLogger - Using 'UTF-8' encoding to copy filtered resources.
2018-01-04 02:02:14,153 [Worker-87] INFO  o.e.m.c.i.embedder.EclipseLogger - Copying 1 resource
2018-01-04 02:02:14,153 [Worker-87] INFO  o.e.m.c.i.embedder.EclipseLogger - Copying 0 resource
2018-01-04 02:02:14,153 [Worker-87] INFO  o.e.m.c.i.embedder.EclipseLogger - Using 'UTF-8' encoding to copy filtered resources.
2018-01-04 02:02:14,153 [Worker-87] INFO  o.e.m.c.i.embedder.EclipseLogger - skip non existing resourceDirectory C:\Users\Dean\my_git_repos\never-pummel-muskoxen\getItApp\src\test\resources
2018-01-04 02:03:02,150 [Worker-82] INFO  o.e.m.c.i.embedder.EclipseLogger - Using 'UTF-8' encoding to copy filtered resources.
2018-01-04 02:03:02,150 [Worker-82] INFO  o.e.m.c.i.embedder.EclipseLogger - Copying 1 resource
2018-01-04 02:03:02,165 [Worker-82] INFO  o.e.m.c.i.embedder.EclipseLogger - Copying 0 resource
2018-01-04 02:03:02,181 [Worker-82] INFO  o.e.m.c.i.embedder.EclipseLogger - Using 'UTF-8' encoding to copy filtered resources.
2018-01-04 02:03:02,181 [Worker-82] INFO  o.e.m.c.i.embedder.EclipseLogger - skip non existing resourceDirectory C:\Users\Dean\my_git_repos\never-pummel-muskoxen\getItApp\src\test\resources
